[2019-03-05T17:05:51.930] [ERROR] errorLogger - 
*************** error log start ***************
request method: GET
request originalUrl:  /
request client ip:  ::1
request query:  {}
response time: 346
err name: err name
err message: err message
err stack: err stack
*************** error log end ***************

[2019-03-05T17:35:41.567] [ERROR] errorLogger - 
*************** error log start ***************
request method: GET
request originalUrl:  /
request client ip:  ::1
request query:  {}
response time: 409
err name: err name
err message: err message
err stack: err stack
*************** error log end ***************

[2019-03-05T17:35:49.589] [ERROR] errorLogger - 
*************** error log start ***************
request method: GET
request originalUrl:  /users
request client ip:  ::1
request query:  {}
response time: 0
err name: err name
err message: err message
err stack: err stack
*************** error log end ***************

[2019-03-05T17:36:10.749] [ERROR] errorLogger - 
*************** error log start ***************
request method: GET
request originalUrl:  /users
request client ip:  ::1
request query:  {}
response time: 2
err name: err name
err message: err message
err stack: err stack
*************** error log end ***************

[2019-03-05T17:36:25.342] [ERROR] errorLogger - 
*************** error log start ***************
request method: GET
request originalUrl:  /api/users/getUser
request client ip:  ::1
request query:  {}
response time: 0
err name: err name
err message: err message
err stack: err stack
*************** error log end ***************

